Using pre-set license
Built from '2020.2/release' branch; Version is '2020.2.2f1 (068178b99f32) revision 426360'; Using compiler version '192528614'; Build Type 'Release'
OS: 'Windows 10 Enterprise; OS build 18363.1316; Version 1909; 64bit' Language: 'en' Physical Memory: 16229 MB
BatchMode: 1, IsHumanControllingUs: 0, StartBugReporterOnCrash: 0, Is64bit: 1, IsPro: 0

 COMMAND LINE ARGUMENTS:
C:\Program Files\Unity\Hub\Editor\2020.2.2f1\Editor\Unity.exe
-adb2
-batchMode
-noUpm
-name
AssetImportWorker0
-projectPath
F:/My stuff/Work/GDC stuff/gdc 2021 early yr game jam/GDCGameJam2021/GDC 2021 Early yr game jam
-logFile
Logs/AssetImportWorker0.log
-srvPort
58320
Successfully changed project path to: F:/My stuff/Work/GDC stuff/gdc 2021 early yr game jam/GDCGameJam2021/GDC 2021 Early yr game jam
F:/My stuff/Work/GDC stuff/gdc 2021 early yr game jam/GDCGameJam2021/GDC 2021 Early yr game jam
Using Asset Import Pipeline V2.
Refreshing native plugins compatible for Editor in 21.78 ms, found 0 plugins.
Preloading 0 native plugins for Editor in 0.00 ms.
Initialize engine version: 2020.2.2f1 (068178b99f32)
[Subsystems] Discovering subsystems at path C:/Program Files/Unity/Hub/Editor/2020.2.2f1/Editor/Data/Resources/UnitySubsystems
[Subsystems] Discovering subsystems at path F:/My stuff/Work/GDC stuff/gdc 2021 early yr game jam/GDCGameJam2021/GDC 2021 Early yr game jam/Assets
GfxDevice: creating device client; threaded=0
Direct3D:
    Version:  Direct3D 11.0 [level 11.1]
    Renderer: NVIDIA GeForce GTX 1060 3GB (ID=0x1c02)
    Vendor:   
    VRAM:     2988 MB
    Driver:   27.21.14.5671
Initialize mono
Mono path[0] = 'C:/Program Files/Unity/Hub/Editor/2020.2.2f1/Editor/Data/Managed'
Mono path[1] = 'C:/Program Files/Unity/Hub/Editor/2020.2.2f1/Editor/Data/MonoBleedingEdge/lib/mono/unityjit'
Mono config path = 'C:/Program Files/Unity/Hub/Editor/2020.2.2f1/Editor/Data/MonoBleedingEdge/etc'
Using monoOptions --debugger-agent=transport=dt_socket,embedding=1,server=y,suspend=n,address=127.0.0.1:56092
Begin MonoManager ReloadAssembly
Registering precompiled unity dll's ...
Register platform support module: C:/Program Files/Unity/Hub/Editor/2020.2.2f1/Editor/Data/PlaybackEngines/WindowsStandaloneSupport/UnityEditor.WindowsStandalone.Extensions.dll
Registered in 0.001855 seconds.
Native extension for WindowsStandalone target not found
Refreshing native plugins compatible for Editor in 20.65 ms, found 0 plugins.
Preloading 0 native plugins for Editor in 0.00 ms.
Invoked RoslynAnalysisRunner static constructor.
RoslynAnalysisRunner will not be running.
RoslynAnalysisRunner has terminated.
Mono: successfully reloaded assembly
- Completed reload, in  1.813 seconds
Platform modules already initialized, skipping
Registering precompiled user dll's ...
Registered in 0.000499 seconds.
Begin MonoManager ReloadAssembly
Native extension for WindowsStandalone target not found
Refreshing native plugins compatible for Editor in 0.23 ms, found 0 plugins.
Preloading 0 native plugins for Editor in 0.00 ms.
Invoked RoslynAnalysisRunner static constructor.
RoslynAnalysisRunner will not be running.
RoslynAnalysisRunner has terminated.
Mono: successfully reloaded assembly
- Completed reload, in  0.737 seconds
Platform modules already initialized, skipping
========================================================================
Worker process is ready to serve import requests
Launched and connected shader compiler UnityShaderCompiler.exe after 0.05 seconds
Refreshing native plugins compatible for Editor in 0.18 ms, found 0 plugins.
Preloading 0 native plugins for Editor in 0.00 ms.
Unloading 1099 Unused Serialized files (Serialized files now loaded: 0)
System memory in use before: 56.9 MB.
System memory in use after: 56.9 MB.

Unloading 10 unused Assets to reduce memory usage. Loaded Objects now: 1540.
Total: 1.692200 ms (FindLiveObjects: 0.123800 ms CreateObjectMapping: 0.035100 ms MarkObjects: 1.455500 ms  DeleteObjects: 0.076600 ms)

========================================================================
Received Import Request.
  path: Assets
  artifactKey: Guid(00000000000000001000000000000000) Importer(815301076,1909f56bfc062723c751e8b465ee728b)
Start importing Assets using Guid(00000000000000001000000000000000) Importer(815301076,1909f56bfc062723c751e8b465ee728b)  -> (artifact id: '4a6e520b92ccfc61bcfa21a7bcab8468') in 0.012993 seconds
  Import took 0.014631 seconds .

========================================================================
Received Import Request.
  Time since last request: 13.231818 seconds.
  path: Assets/GDC work
  artifactKey: Guid(fcb39dc4dc44c8c40be70bf2f8a2b1f8) Importer(815301076,1909f56bfc062723c751e8b465ee728b)
Start importing Assets/GDC work using Guid(fcb39dc4dc44c8c40be70bf2f8a2b1f8) Importer(815301076,1909f56bfc062723c751e8b465ee728b)  -> (artifact id: '946c346ef064a4f30060899f46b2ced1') in 0.011508 seconds
  Import took 0.013409 seconds .

========================================================================
Received Import Request.
  Time since last request: 1.558516 seconds.
  path: Assets/Scenes
  artifactKey: Guid(1376be7c7d6c97040bd2eb626bfe70e3) Importer(815301076,1909f56bfc062723c751e8b465ee728b)
Start importing Assets/Scenes using Guid(1376be7c7d6c97040bd2eb626bfe70e3) Importer(815301076,1909f56bfc062723c751e8b465ee728b)  -> (artifact id: '1296798daab0919fec931d5c5bd5128a') in 0.049192 seconds
  Import took 0.050810 seconds .

========================================================================
Received Import Request.
  Time since last request: 13.954686 seconds.
  path: Assets/GDC work/generic assets
  artifactKey: Guid(6c28685bc489f59499b7f508e54950b2) Importer(815301076,1909f56bfc062723c751e8b465ee728b)
Start importing Assets/GDC work/generic assets using Guid(6c28685bc489f59499b7f508e54950b2) Importer(815301076,1909f56bfc062723c751e8b465ee728b)  -> (artifact id: 'e12e0183f1ef8c17da3c4ea5849acffa') in 0.012515 seconds
  Import took 0.014164 seconds .

========================================================================
Received Import Request.
  Time since last request: 16.200657 seconds.
  path: Assets/GDC work/Personel folders
  artifactKey: Guid(9bf858052743a9b46a2367b554910a49) Importer(815301076,1909f56bfc062723c751e8b465ee728b)
Start importing Assets/GDC work/Personel folders using Guid(9bf858052743a9b46a2367b554910a49) Importer(815301076,1909f56bfc062723c751e8b465ee728b)  -> (artifact id: '90c574a679433fa8070c231b9f325c7c') in 0.011625 seconds
  Import took 0.013871 seconds .

========================================================================
Received Import Request.
  Time since last request: 10.706966 seconds.
  path: Assets/GDC work/Personel folders/Reagan Folder
  artifactKey: Guid(13b3f952bf4305144b7acc1b4403fc5f) Importer(815301076,1909f56bfc062723c751e8b465ee728b)
Start importing Assets/GDC work/Personel folders/Reagan Folder using Guid(13b3f952bf4305144b7acc1b4403fc5f) Importer(815301076,1909f56bfc062723c751e8b465ee728b)  -> (artifact id: '06c4b4e7eaee399105283999c99f3032') in 0.010812 seconds
  Import took 0.012483 seconds .

========================================================================
Received Import Request.
  Time since last request: 13.210849 seconds.
  path: Assets/GDC work/Personel folders/Reagan Folder/Reagans world.unity
  artifactKey: Guid(c201a66e338c9e54ca2b96af49c16440) Importer(815301076,1909f56bfc062723c751e8b465ee728b)
Start importing Assets/GDC work/Personel folders/Reagan Folder/Reagans world.unity using Guid(c201a66e338c9e54ca2b96af49c16440) Importer(815301076,1909f56bfc062723c751e8b465ee728b)  -> (artifact id: '41c3f4fb0aab1e5626ddc9b7f0891e7a') in 0.019492 seconds
  Import took 0.021528 seconds .

AssetImportWorkerClient::OnTransportError - code=2 error=End of file
